{"D:\\Users\\martin\\UdemyCourseFullStack\\cashTrackr\\backend\\src\\config\\nodemailer.ts": {"path":"D:\\Users\\martin\\UdemyCourseFullStack\\cashTrackr\\backend\\src\\config\\nodemailer.ts","statementMap":{"0":{"start":{"line":1,"column":0},"end":{"line":1,"column":36}},"1":{"start":{"line":2,"column":0},"end":{"line":2,"column":28}},"2":{"start":{"line":4,"column":0},"end":{"line":4,"column":16}},"3":{"start":{"line":6,"column":15},"end":{"line":15,"column":1}},"4":{"start":{"line":7,"column":4},"end":{"line":14,"column":null}},"5":{"start":{"line":17,"column":13},"end":{"line":17,"column":62}}},"fnMap":{"0":{"name":"(anonymous_1)","decl":{"start":{"line":6,"column":15},"end":{"line":6,"column":18}},"loc":{"start":{"line":6,"column":20},"end":{"line":15,"column":1}}}},"branchMap":{},"s":{"0":1,"1":1,"2":1,"3":1,"4":1,"5":1},"f":{"0":1},"b":{}}
,"D:\\Users\\martin\\UdemyCourseFullStack\\cashTrackr\\backend\\src\\controllers\\AuthController.ts": {"path":"D:\\Users\\martin\\UdemyCourseFullStack\\cashTrackr\\backend\\src\\controllers\\AuthController.ts","statementMap":{"0":{"start":{"line":2,"column":0},"end":{"line":2,"column":34}},"1":{"start":{"line":3,"column":0},"end":{"line":3,"column":61}},"2":{"start":{"line":4,"column":0},"end":{"line":4,"column":47}},"3":{"start":{"line":5,"column":0},"end":{"line":5,"column":48}},"4":{"start":{"line":6,"column":0},"end":{"line":6,"column":43}},"5":{"start":{"line":9,"column":27},"end":{"line":33,"column":5}},"6":{"start":{"line":10,"column":36},"end":{"line":10,"column":44}},"7":{"start":{"line":12,"column":29},"end":{"line":12,"column":69}},"8":{"start":{"line":13,"column":8},"end":{"line":15,"column":9}},"9":{"start":{"line":14,"column":12},"end":{"line":14,"column":75}},"10":{"start":{"line":17,"column":8},"end":{"line":32,"column":9}},"11":{"start":{"line":18,"column":25},"end":{"line":18,"column":52}},"12":{"start":{"line":19,"column":12},"end":{"line":19,"column":57}},"13":{"start":{"line":20,"column":12},"end":{"line":20,"column":41}},"14":{"start":{"line":21,"column":12},"end":{"line":21,"column":30}},"15":{"start":{"line":23,"column":12},"end":{"line":27,"column":15}},"16":{"start":{"line":29,"column":12},"end":{"line":29,"column":65}},"17":{"start":{"line":31,"column":12},"end":{"line":31,"column":69}},"18":{"start":{"line":35,"column":28},"end":{"line":48,"column":5}},"19":{"start":{"line":36,"column":26},"end":{"line":36,"column":34}},"20":{"start":{"line":38,"column":21},"end":{"line":38,"column":61}},"21":{"start":{"line":39,"column":8},"end":{"line":41,"column":9}},"22":{"start":{"line":40,"column":12},"end":{"line":40,"column":68}},"23":{"start":{"line":43,"column":8},"end":{"line":43,"column":30}},"24":{"start":{"line":44,"column":8},"end":{"line":44,"column":26}},"25":{"start":{"line":45,"column":8},"end":{"line":45,"column":26}},"26":{"start":{"line":47,"column":8},"end":{"line":47,"column":64}},"27":{"start":{"line":50,"column":19},"end":{"line":70,"column":5}},"28":{"start":{"line":51,"column":36},"end":{"line":51,"column":44}},"29":{"start":{"line":53,"column":21},"end":{"line":53,"column":61}},"30":{"start":{"line":54,"column":8},"end":{"line":56,"column":9}},"31":{"start":{"line":55,"column":12},"end":{"line":55,"column":69}},"32":{"start":{"line":58,"column":8},"end":{"line":60,"column":9}},"33":{"start":{"line":59,"column":12},"end":{"line":59,"column":76}},"34":{"start":{"line":62,"column":34},"end":{"line":62,"column":79}},"35":{"start":{"line":63,"column":8},"end":{"line":65,"column":9}},"36":{"start":{"line":64,"column":12},"end":{"line":64,"column":71}},"37":{"start":{"line":67,"column":22},"end":{"line":67,"column":42}},"38":{"start":{"line":69,"column":8},"end":{"line":69,"column":28}},"39":{"start":{"line":72,"column":28},"end":{"line":93,"column":5}},"40":{"start":{"line":73,"column":26},"end":{"line":73,"column":34}},"41":{"start":{"line":75,"column":21},"end":{"line":75,"column":61}},"42":{"start":{"line":76,"column":8},"end":{"line":78,"column":9}},"43":{"start":{"line":77,"column":12},"end":{"line":77,"column":69}},"44":{"start":{"line":81,"column":22},"end":{"line":81,"column":37}},"45":{"start":{"line":82,"column":8},"end":{"line":82,"column":27}},"46":{"start":{"line":83,"column":8},"end":{"line":83,"column":26}},"47":{"start":{"line":86,"column":8},"end":{"line":90,"column":11}},"48":{"start":{"line":92,"column":8},"end":{"line":92,"column":59}},"49":{"start":{"line":95,"column":27},"end":{"line":104,"column":5}},"50":{"start":{"line":96,"column":26},"end":{"line":96,"column":34}},"51":{"start":{"line":98,"column":21},"end":{"line":98,"column":61}},"52":{"start":{"line":99,"column":8},"end":{"line":101,"column":9}},"53":{"start":{"line":100,"column":12},"end":{"line":100,"column":68}},"54":{"start":{"line":103,"column":8},"end":{"line":103,"column":48}},"55":{"start":{"line":106,"column":27},"end":{"line":120,"column":5}},"56":{"start":{"line":107,"column":26},"end":{"line":107,"column":36}},"57":{"start":{"line":108,"column":29},"end":{"line":108,"column":37}},"58":{"start":{"line":110,"column":21},"end":{"line":110,"column":61}},"59":{"start":{"line":111,"column":8},"end":{"line":113,"column":9}},"60":{"start":{"line":112,"column":12},"end":{"line":112,"column":68}},"61":{"start":{"line":115,"column":8},"end":{"line":115,"column":53}},"62":{"start":{"line":116,"column":8},"end":{"line":116,"column":26}},"63":{"start":{"line":117,"column":8},"end":{"line":117,"column":26}},"64":{"start":{"line":119,"column":8},"end":{"line":119,"column":61}},"65":{"start":{"line":122,"column":21},"end":{"line":124,"column":5}},"66":{"start":{"line":123,"column":8},"end":{"line":123,"column":27}},"67":{"start":{"line":126,"column":39},"end":{"line":141,"column":5}},"68":{"start":{"line":127,"column":47},"end":{"line":127,"column":55}},"69":{"start":{"line":128,"column":23},"end":{"line":128,"column":31}},"70":{"start":{"line":130,"column":21},"end":{"line":130,"column":44}},"71":{"start":{"line":132,"column":34},"end":{"line":132,"column":87}},"72":{"start":{"line":133,"column":8},"end":{"line":135,"column":9}},"73":{"start":{"line":134,"column":12},"end":{"line":134,"column":null}},"74":{"start":{"line":137,"column":8},"end":{"line":137,"column":null}},"75":{"start":{"line":138,"column":8},"end":{"line":138,"column":null}},"76":{"start":{"line":140,"column":8},"end":{"line":140,"column":50}},"77":{"start":{"line":143,"column":27},"end":{"line":155,"column":5}},"78":{"start":{"line":144,"column":29},"end":{"line":144,"column":37}},"79":{"start":{"line":145,"column":23},"end":{"line":145,"column":31}},"80":{"start":{"line":147,"column":21},"end":{"line":147,"column":44}},"81":{"start":{"line":149,"column":34},"end":{"line":149,"column":79}},"82":{"start":{"line":150,"column":8},"end":{"line":152,"column":9}},"83":{"start":{"line":151,"column":12},"end":{"line":151,"column":null}},"84":{"start":{"line":154,"column":8},"end":{"line":154,"column":35}},"85":{"start":{"line":8,"column":0},"end":{"line":8,"column":13}}},"fnMap":{"0":{"name":"(anonymous_1)","decl":{"start":{"line":9,"column":27},"end":{"line":9,"column":32}},"loc":{"start":{"line":9,"column":65},"end":{"line":33,"column":5}}},"1":{"name":"(anonymous_2)","decl":{"start":{"line":35,"column":28},"end":{"line":35,"column":33}},"loc":{"start":{"line":35,"column":66},"end":{"line":48,"column":5}}},"2":{"name":"(anonymous_3)","decl":{"start":{"line":50,"column":19},"end":{"line":50,"column":24}},"loc":{"start":{"line":50,"column":57},"end":{"line":70,"column":5}}},"3":{"name":"(anonymous_4)","decl":{"start":{"line":72,"column":28},"end":{"line":72,"column":33}},"loc":{"start":{"line":72,"column":66},"end":{"line":93,"column":5}}},"4":{"name":"(anonymous_5)","decl":{"start":{"line":95,"column":27},"end":{"line":95,"column":32}},"loc":{"start":{"line":95,"column":65},"end":{"line":104,"column":5}}},"5":{"name":"(anonymous_6)","decl":{"start":{"line":106,"column":27},"end":{"line":106,"column":32}},"loc":{"start":{"line":106,"column":65},"end":{"line":120,"column":5}}},"6":{"name":"(anonymous_7)","decl":{"start":{"line":122,"column":21},"end":{"line":122,"column":26}},"loc":{"start":{"line":122,"column":59},"end":{"line":124,"column":5}}},"7":{"name":"(anonymous_8)","decl":{"start":{"line":126,"column":39},"end":{"line":126,"column":44}},"loc":{"start":{"line":126,"column":77},"end":{"line":141,"column":5}}},"8":{"name":"(anonymous_9)","decl":{"start":{"line":143,"column":27},"end":{"line":143,"column":32}},"loc":{"start":{"line":143,"column":65},"end":{"line":155,"column":5}}}},"branchMap":{"0":{"loc":{"start":{"line":13,"column":8},"end":{"line":15,"column":9}},"type":"if","locations":[{"start":{"line":13,"column":8},"end":{"line":15,"column":9}},{"start":{},"end":{}}]},"1":{"loc":{"start":{"line":39,"column":8},"end":{"line":41,"column":9}},"type":"if","locations":[{"start":{"line":39,"column":8},"end":{"line":41,"column":9}},{"start":{},"end":{}}]},"2":{"loc":{"start":{"line":54,"column":8},"end":{"line":56,"column":9}},"type":"if","locations":[{"start":{"line":54,"column":8},"end":{"line":56,"column":9}},{"start":{},"end":{}}]},"3":{"loc":{"start":{"line":58,"column":8},"end":{"line":60,"column":9}},"type":"if","locations":[{"start":{"line":58,"column":8},"end":{"line":60,"column":9}},{"start":{},"end":{}}]},"4":{"loc":{"start":{"line":63,"column":8},"end":{"line":65,"column":9}},"type":"if","locations":[{"start":{"line":63,"column":8},"end":{"line":65,"column":9}},{"start":{},"end":{}}]},"5":{"loc":{"start":{"line":76,"column":8},"end":{"line":78,"column":9}},"type":"if","locations":[{"start":{"line":76,"column":8},"end":{"line":78,"column":9}},{"start":{},"end":{}}]},"6":{"loc":{"start":{"line":99,"column":8},"end":{"line":101,"column":9}},"type":"if","locations":[{"start":{"line":99,"column":8},"end":{"line":101,"column":9}},{"start":{},"end":{}}]},"7":{"loc":{"start":{"line":111,"column":8},"end":{"line":113,"column":9}},"type":"if","locations":[{"start":{"line":111,"column":8},"end":{"line":113,"column":9}},{"start":{},"end":{}}]},"8":{"loc":{"start":{"line":133,"column":8},"end":{"line":135,"column":9}},"type":"if","locations":[{"start":{"line":133,"column":8},"end":{"line":135,"column":9}},{"start":{},"end":{}}]},"9":{"loc":{"start":{"line":150,"column":8},"end":{"line":152,"column":9}},"type":"if","locations":[{"start":{"line":150,"column":8},"end":{"line":152,"column":9}},{"start":{},"end":{}}]}},"s":{"0":1,"1":1,"2":1,"3":1,"4":1,"5":1,"6":2,"7":2,"8":2,"9":1,"10":1,"11":1,"12":1,"13":1,"14":1,"15":1,"16":1,"17":0,"18":1,"19":0,"20":0,"21":0,"22":0,"23":0,"24":0,"25":0,"26":0,"27":1,"28":4,"29":4,"30":4,"31":1,"32":3,"33":1,"34":2,"35":2,"36":1,"37":1,"38":1,"39":1,"40":0,"41":0,"42":0,"43":0,"44":0,"45":0,"46":0,"47":0,"48":0,"49":1,"50":0,"51":0,"52":0,"53":0,"54":0,"55":1,"56":0,"57":0,"58":0,"59":0,"60":0,"61":0,"62":0,"63":0,"64":0,"65":1,"66":0,"67":1,"68":0,"69":0,"70":0,"71":0,"72":0,"73":0,"74":0,"75":0,"76":0,"77":1,"78":0,"79":0,"80":0,"81":0,"82":0,"83":0,"84":0,"85":1},"f":{"0":2,"1":0,"2":4,"3":0,"4":0,"5":0,"6":0,"7":0,"8":0},"b":{"0":[1,1],"1":[0,0],"2":[1,3],"3":[1,2],"4":[1,1],"5":[0,0],"6":[0,0],"7":[0,0],"8":[0,0],"9":[0,0]}}
,"D:\\Users\\martin\\UdemyCourseFullStack\\cashTrackr\\backend\\src\\controllers\\BudgetController.ts": {"path":"D:\\Users\\martin\\UdemyCourseFullStack\\cashTrackr\\backend\\src\\controllers\\BudgetController.ts","statementMap":{"0":{"start":{"line":2,"column":0},"end":{"line":2,"column":38}},"1":{"start":{"line":3,"column":0},"end":{"line":3,"column":40}},"2":{"start":{"line":6,"column":20},"end":{"line":18,"column":5}},"3":{"start":{"line":7,"column":8},"end":{"line":17,"column":9}},"4":{"start":{"line":8,"column":28},"end":{"line":13,"column":14}},"5":{"start":{"line":14,"column":12},"end":{"line":14,"column":30}},"6":{"start":{"line":16,"column":12},"end":{"line":16,"column":70}},"7":{"start":{"line":20,"column":20},"end":{"line":29,"column":5}},"8":{"start":{"line":21,"column":8},"end":{"line":28,"column":9}},"9":{"start":{"line":22,"column":27},"end":{"line":22,"column":56}},"10":{"start":{"line":23,"column":12},"end":{"line":23,"column":null}},"11":{"start":{"line":24,"column":12},"end":{"line":24,"column":null}},"12":{"start":{"line":25,"column":12},"end":{"line":25,"column":62}},"13":{"start":{"line":27,"column":12},"end":{"line":27,"column":69}},"14":{"start":{"line":31,"column":21},"end":{"line":37,"column":5}},"15":{"start":{"line":32,"column":23},"end":{"line":34,"column":10}},"16":{"start":{"line":36,"column":8},"end":{"line":36,"column":25}},"17":{"start":{"line":39,"column":20},"end":{"line":42,"column":5}},"18":{"start":{"line":40,"column":8},"end":{"line":40,"column":42}},"19":{"start":{"line":41,"column":8},"end":{"line":41,"column":35}},"20":{"start":{"line":44,"column":20},"end":{"line":47,"column":5}},"21":{"start":{"line":45,"column":8},"end":{"line":45,"column":35}},"22":{"start":{"line":46,"column":8},"end":{"line":46,"column":35}},"23":{"start":{"line":5,"column":0},"end":{"line":5,"column":13}}},"fnMap":{"0":{"name":"(anonymous_1)","decl":{"start":{"line":6,"column":20},"end":{"line":6,"column":25}},"loc":{"start":{"line":6,"column":58},"end":{"line":18,"column":5}}},"1":{"name":"(anonymous_2)","decl":{"start":{"line":20,"column":20},"end":{"line":20,"column":25}},"loc":{"start":{"line":20,"column":58},"end":{"line":29,"column":5}}},"2":{"name":"(anonymous_3)","decl":{"start":{"line":31,"column":21},"end":{"line":31,"column":26}},"loc":{"start":{"line":31,"column":59},"end":{"line":37,"column":5}}},"3":{"name":"(anonymous_4)","decl":{"start":{"line":39,"column":20},"end":{"line":39,"column":25}},"loc":{"start":{"line":39,"column":58},"end":{"line":42,"column":5}}},"4":{"name":"(anonymous_5)","decl":{"start":{"line":44,"column":20},"end":{"line":44,"column":25}},"loc":{"start":{"line":44,"column":58},"end":{"line":47,"column":5}}}},"branchMap":{},"s":{"0":1,"1":1,"2":1,"3":4,"4":4,"5":3,"6":1,"7":1,"8":2,"9":2,"10":1,"11":1,"12":1,"13":1,"14":1,"15":3,"16":3,"17":1,"18":1,"19":1,"20":1,"21":1,"22":1,"23":1},"f":{"0":4,"1":2,"2":3,"3":1,"4":1},"b":{}}
,"D:\\Users\\martin\\UdemyCourseFullStack\\cashTrackr\\backend\\src\\controllers\\ExpenseController.ts": {"path":"D:\\Users\\martin\\UdemyCourseFullStack\\cashTrackr\\backend\\src\\controllers\\ExpenseController.ts","statementMap":{"0":{"start":{"line":2,"column":0},"end":{"line":2,"column":40}},"1":{"start":{"line":6,"column":20},"end":{"line":15,"column":5}},"2":{"start":{"line":7,"column":8},"end":{"line":14,"column":9}},"3":{"start":{"line":8,"column":28},"end":{"line":8,"column":58}},"4":{"start":{"line":9,"column":12},"end":{"line":9,"column":45}},"5":{"start":{"line":10,"column":12},"end":{"line":10,"column":33}},"6":{"start":{"line":11,"column":12},"end":{"line":11,"column":42}},"7":{"start":{"line":13,"column":12},"end":{"line":13,"column":72}},"8":{"start":{"line":17,"column":21},"end":{"line":19,"column":5}},"9":{"start":{"line":18,"column":8},"end":{"line":18,"column":30}},"10":{"start":{"line":21,"column":24},"end":{"line":24,"column":5}},"11":{"start":{"line":22,"column":8},"end":{"line":22,"column":43}},"12":{"start":{"line":23,"column":8},"end":{"line":23,"column":36}},"13":{"start":{"line":26,"column":24},"end":{"line":29,"column":5}},"14":{"start":{"line":27,"column":8},"end":{"line":27,"column":36}},"15":{"start":{"line":28,"column":8},"end":{"line":28,"column":36}},"16":{"start":{"line":4,"column":0},"end":{"line":4,"column":13}}},"fnMap":{"0":{"name":"(anonymous_1)","decl":{"start":{"line":6,"column":20},"end":{"line":6,"column":25}},"loc":{"start":{"line":6,"column":58},"end":{"line":15,"column":5}}},"1":{"name":"(anonymous_2)","decl":{"start":{"line":17,"column":21},"end":{"line":17,"column":26}},"loc":{"start":{"line":17,"column":59},"end":{"line":19,"column":5}}},"2":{"name":"(anonymous_3)","decl":{"start":{"line":21,"column":24},"end":{"line":21,"column":29}},"loc":{"start":{"line":21,"column":62},"end":{"line":24,"column":5}}},"3":{"name":"(anonymous_4)","decl":{"start":{"line":26,"column":24},"end":{"line":26,"column":29}},"loc":{"start":{"line":26,"column":62},"end":{"line":29,"column":5}}}},"branchMap":{},"s":{"0":1,"1":1,"2":2,"3":2,"4":1,"5":1,"6":1,"7":1,"8":1,"9":1,"10":1,"11":1,"12":1,"13":1,"14":1,"15":1,"16":1},"f":{"0":2,"1":1,"2":1,"3":1},"b":{}}
,"D:\\Users\\martin\\UdemyCourseFullStack\\cashTrackr\\backend\\src\\emails\\AuthEmail.ts": {"path":"D:\\Users\\martin\\UdemyCourseFullStack\\cashTrackr\\backend\\src\\emails\\AuthEmail.ts","statementMap":{"0":{"start":{"line":1,"column":0},"end":{"line":1,"column":49}},"1":{"start":{"line":11,"column":35},"end":{"line":45,"column":5}},"2":{"start":{"line":12,"column":22},"end":{"line":42,"column":10}},"3":{"start":{"line":44,"column":8},"end":{"line":44,"column":65}},"4":{"start":{"line":47,"column":36},"end":{"line":69,"column":5}},"5":{"start":{"line":48,"column":22},"end":{"line":66,"column":10}},"6":{"start":{"line":68,"column":8},"end":{"line":68,"column":65}},"7":{"start":{"line":10,"column":0},"end":{"line":10,"column":13}}},"fnMap":{"0":{"name":"(anonymous_0)","decl":{"start":{"line":11,"column":35},"end":{"line":11,"column":40}},"loc":{"start":{"line":11,"column":61},"end":{"line":45,"column":5}}},"1":{"name":"(anonymous_1)","decl":{"start":{"line":47,"column":36},"end":{"line":47,"column":41}},"loc":{"start":{"line":47,"column":62},"end":{"line":69,"column":5}}}},"branchMap":{},"s":{"0":1,"1":1,"2":0,"3":0,"4":1,"5":0,"6":0,"7":1},"f":{"0":0,"1":0},"b":{}}
,"D:\\Users\\martin\\UdemyCourseFullStack\\cashTrackr\\backend\\src\\middleware\\budget.ts": {"path":"D:\\Users\\martin\\UdemyCourseFullStack\\cashTrackr\\backend\\src\\middleware\\budget.ts","statementMap":{"0":{"start":{"line":54,"column":0},"end":{"line":54,"column":16}},"1":{"start":{"line":2,"column":0},"end":{"line":2,"column":66}},"2":{"start":{"line":3,"column":0},"end":{"line":3,"column":38}},"3":{"start":{"line":13,"column":32},"end":{"line":23,"column":1}},"4":{"start":{"line":14,"column":4},"end":{"line":17,"column":18}},"5":{"start":{"line":16,"column":25},"end":{"line":16,"column":34}},"6":{"start":{"line":18,"column":17},"end":{"line":18,"column":38}},"7":{"start":{"line":19,"column":4},"end":{"line":21,"column":5}},"8":{"start":{"line":20,"column":8},"end":{"line":20,"column":null}},"9":{"start":{"line":22,"column":4},"end":{"line":22,"column":null}},"10":{"start":{"line":13,"column":13},"end":{"line":13,"column":32}},"11":{"start":{"line":25,"column":35},"end":{"line":35,"column":1}},"12":{"start":{"line":26,"column":4},"end":{"line":28,"column":18}},"13":{"start":{"line":29,"column":4},"end":{"line":33,"column":18}},"14":{"start":{"line":32,"column":25},"end":{"line":32,"column":34}},"15":{"start":{"line":34,"column":4},"end":{"line":34,"column":11}},"16":{"start":{"line":25,"column":13},"end":{"line":25,"column":35}},"17":{"start":{"line":37,"column":36},"end":{"line":52,"column":1}},"18":{"start":{"line":38,"column":4},"end":{"line":50,"column":5}},"19":{"start":{"line":39,"column":29},"end":{"line":39,"column":39}},"20":{"start":{"line":40,"column":23},"end":{"line":40,"column":54}},"21":{"start":{"line":42,"column":8},"end":{"line":44,"column":9}},"22":{"start":{"line":43,"column":12},"end":{"line":43,"column":71}},"23":{"start":{"line":45,"column":8},"end":{"line":45,"column":28}},"24":{"start":{"line":47,"column":8},"end":{"line":47,"column":15}},"25":{"start":{"line":49,"column":8},"end":{"line":49,"column":65}},"26":{"start":{"line":37,"column":13},"end":{"line":37,"column":36}},"27":{"start":{"line":56,"column":4},"end":{"line":58,"column":5}},"28":{"start":{"line":57,"column":8},"end":{"line":57,"column":null}},"29":{"start":{"line":59,"column":4},"end":{"line":59,"column":null}}},"fnMap":{"0":{"name":"(anonymous_1)","decl":{"start":{"line":13,"column":32},"end":{"line":13,"column":37}},"loc":{"start":{"line":13,"column":90},"end":{"line":23,"column":1}}},"1":{"name":"(anonymous_2)","decl":{"start":{"line":16,"column":16},"end":{"line":16,"column":21}},"loc":{"start":{"line":16,"column":25},"end":{"line":16,"column":34}}},"2":{"name":"(anonymous_3)","decl":{"start":{"line":25,"column":35},"end":{"line":25,"column":40}},"loc":{"start":{"line":25,"column":93},"end":{"line":35,"column":1}}},"3":{"name":"(anonymous_4)","decl":{"start":{"line":32,"column":16},"end":{"line":32,"column":21}},"loc":{"start":{"line":32,"column":25},"end":{"line":32,"column":34}}},"4":{"name":"(anonymous_5)","decl":{"start":{"line":37,"column":36},"end":{"line":37,"column":41}},"loc":{"start":{"line":37,"column":94},"end":{"line":52,"column":1}}},"5":{"name":"hasAccess","decl":{"start":{"line":54,"column":16},"end":{"line":54,"column":25}},"loc":{"start":{"line":54,"column":73},"end":{"line":61,"column":1}}}},"branchMap":{"0":{"loc":{"start":{"line":19,"column":4},"end":{"line":21,"column":5}},"type":"if","locations":[{"start":{"line":19,"column":4},"end":{"line":21,"column":5}},{"start":{},"end":{}}]},"1":{"loc":{"start":{"line":42,"column":8},"end":{"line":44,"column":9}},"type":"if","locations":[{"start":{"line":42,"column":8},"end":{"line":44,"column":9}},{"start":{},"end":{}}]},"2":{"loc":{"start":{"line":56,"column":4},"end":{"line":58,"column":5}},"type":"if","locations":[{"start":{"line":56,"column":4},"end":{"line":58,"column":5}},{"start":{},"end":{}}]}},"s":{"0":2,"1":2,"2":2,"3":2,"4":0,"5":0,"6":0,"7":0,"8":0,"9":0,"10":2,"11":2,"12":0,"13":0,"14":0,"15":0,"16":2,"17":2,"18":3,"19":3,"20":3,"21":2,"22":1,"23":1,"24":1,"25":1,"26":2,"27":3,"28":2,"29":1},"f":{"0":0,"1":0,"2":0,"3":0,"4":3,"5":3},"b":{"0":[0,0],"1":[1,1],"2":[2,1]}}
,"D:\\Users\\martin\\UdemyCourseFullStack\\cashTrackr\\backend\\src\\middleware\\expense.ts": {"path":"D:\\Users\\martin\\UdemyCourseFullStack\\cashTrackr\\backend\\src\\middleware\\expense.ts","statementMap":{"0":{"start":{"line":2,"column":0},"end":{"line":2,"column":66}},"1":{"start":{"line":3,"column":0},"end":{"line":3,"column":40}},"2":{"start":{"line":13,"column":36},"end":{"line":23,"column":1}},"3":{"start":{"line":14,"column":4},"end":{"line":16,"column":18}},"4":{"start":{"line":17,"column":4},"end":{"line":21,"column":18}},"5":{"start":{"line":20,"column":25},"end":{"line":20,"column":34}},"6":{"start":{"line":22,"column":4},"end":{"line":22,"column":11}},"7":{"start":{"line":13,"column":13},"end":{"line":13,"column":36}},"8":{"start":{"line":25,"column":33},"end":{"line":36,"column":1}},"9":{"start":{"line":26,"column":4},"end":{"line":29,"column":18}},"10":{"start":{"line":27,"column":33},"end":{"line":27,"column":42}},"11":{"start":{"line":31,"column":17},"end":{"line":31,"column":38}},"12":{"start":{"line":32,"column":4},"end":{"line":34,"column":5}},"13":{"start":{"line":33,"column":8},"end":{"line":33,"column":64}},"14":{"start":{"line":35,"column":4},"end":{"line":35,"column":11}},"15":{"start":{"line":25,"column":13},"end":{"line":25,"column":33}},"16":{"start":{"line":38,"column":37},"end":{"line":53,"column":1}},"17":{"start":{"line":39,"column":4},"end":{"line":51,"column":5}},"18":{"start":{"line":40,"column":30},"end":{"line":40,"column":40}},"19":{"start":{"line":41,"column":24},"end":{"line":41,"column":57}},"20":{"start":{"line":43,"column":8},"end":{"line":45,"column":9}},"21":{"start":{"line":44,"column":12},"end":{"line":44,"column":72}},"22":{"start":{"line":46,"column":8},"end":{"line":46,"column":30}},"23":{"start":{"line":48,"column":8},"end":{"line":48,"column":15}},"24":{"start":{"line":50,"column":8},"end":{"line":50,"column":66}},"25":{"start":{"line":38,"column":13},"end":{"line":38,"column":37}}},"fnMap":{"0":{"name":"(anonymous_1)","decl":{"start":{"line":13,"column":36},"end":{"line":13,"column":41}},"loc":{"start":{"line":13,"column":94},"end":{"line":23,"column":1}}},"1":{"name":"(anonymous_2)","decl":{"start":{"line":20,"column":16},"end":{"line":20,"column":21}},"loc":{"start":{"line":20,"column":25},"end":{"line":20,"column":34}}},"2":{"name":"(anonymous_3)","decl":{"start":{"line":25,"column":33},"end":{"line":25,"column":38}},"loc":{"start":{"line":25,"column":91},"end":{"line":36,"column":1}}},"3":{"name":"(anonymous_4)","decl":{"start":{"line":27,"column":24},"end":{"line":27,"column":29}},"loc":{"start":{"line":27,"column":33},"end":{"line":27,"column":42}}},"4":{"name":"(anonymous_5)","decl":{"start":{"line":38,"column":37},"end":{"line":38,"column":42}},"loc":{"start":{"line":38,"column":95},"end":{"line":53,"column":1}}}},"branchMap":{"0":{"loc":{"start":{"line":32,"column":4},"end":{"line":34,"column":5}},"type":"if","locations":[{"start":{"line":32,"column":4},"end":{"line":34,"column":5}},{"start":{},"end":{}}]},"1":{"loc":{"start":{"line":43,"column":8},"end":{"line":45,"column":9}},"type":"if","locations":[{"start":{"line":43,"column":8},"end":{"line":45,"column":9}},{"start":{},"end":{}}]}},"s":{"0":1,"1":1,"2":1,"3":0,"4":0,"5":0,"6":0,"7":1,"8":1,"9":0,"10":0,"11":0,"12":0,"13":0,"14":0,"15":1,"16":1,"17":3,"18":3,"19":3,"20":2,"21":1,"22":1,"23":1,"24":1,"25":1},"f":{"0":0,"1":0,"2":0,"3":0,"4":3},"b":{"0":[0,0],"1":[1,1]}}
,"D:\\Users\\martin\\UdemyCourseFullStack\\cashTrackr\\backend\\src\\models\\Budget.ts": {"path":"D:\\Users\\martin\\UdemyCourseFullStack\\cashTrackr\\backend\\src\\models\\Budget.ts","statementMap":{"0":{"start":{"line":1,"column":0},"end":{"line":1,"column":113}},"1":{"start":{"line":2,"column":0},"end":{"line":2,"column":32}},"2":{"start":{"line":3,"column":0},"end":{"line":3,"column":26}},"3":{"start":{"line":7,"column":0},"end":{"line":29,"column":null}},"4":{"start":{"line":11,"column":12},"end":{"line":11,"column":null}},"5":{"start":{"line":15,"column":12},"end":{"line":15,"column":null}},"6":{"start":{"line":21,"column":12},"end":{"line":21,"column":null}},"7":{"start":{"line":17,"column":19},"end":{"line":17,"column":26}},"8":{"start":{"line":24,"column":12},"end":{"line":24,"column":null}},"9":{"start":{"line":23,"column":22},"end":{"line":23,"column":26}},"10":{"start":{"line":27,"column":12},"end":{"line":27,"column":null}},"11":{"start":{"line":26,"column":21},"end":{"line":26,"column":25}},"12":{"start":{"line":7,"column":6},"end":{"line":29,"column":null}},"13":{"start":{"line":31,"column":0},"end":{"line":31,"column":22}}},"fnMap":{"0":{"name":"(anonymous_3)","decl":{"start":{"line":17,"column":13},"end":{"line":17,"column":16}},"loc":{"start":{"line":17,"column":19},"end":{"line":17,"column":26}}},"1":{"name":"(anonymous_4)","decl":{"start":{"line":23,"column":16},"end":{"line":23,"column":19}},"loc":{"start":{"line":23,"column":22},"end":{"line":23,"column":26}}},"2":{"name":"(anonymous_5)","decl":{"start":{"line":26,"column":15},"end":{"line":26,"column":18}},"loc":{"start":{"line":26,"column":21},"end":{"line":26,"column":25}}}},"branchMap":{},"s":{"0":2,"1":2,"2":2,"3":2,"4":2,"5":2,"6":2,"7":0,"8":2,"9":0,"10":2,"11":0,"12":2,"13":2},"f":{"0":0,"1":0,"2":0},"b":{}}
,"D:\\Users\\martin\\UdemyCourseFullStack\\cashTrackr\\backend\\src\\models\\Expense.ts": {"path":"D:\\Users\\martin\\UdemyCourseFullStack\\cashTrackr\\backend\\src\\models\\Expense.ts","statementMap":{"0":{"start":{"line":1,"column":0},"end":{"line":1,"column":104}},"1":{"start":{"line":2,"column":0},"end":{"line":2,"column":30}},"2":{"start":{"line":6,"column":0},"end":{"line":21,"column":null}},"3":{"start":{"line":10,"column":12},"end":{"line":10,"column":null}},"4":{"start":{"line":14,"column":12},"end":{"line":14,"column":null}},"5":{"start":{"line":17,"column":12},"end":{"line":17,"column":null}},"6":{"start":{"line":16,"column":22},"end":{"line":16,"column":28}},"7":{"start":{"line":20,"column":12},"end":{"line":20,"column":null}},"8":{"start":{"line":19,"column":21},"end":{"line":19,"column":27}},"9":{"start":{"line":6,"column":6},"end":{"line":21,"column":null}},"10":{"start":{"line":23,"column":0},"end":{"line":23,"column":23}}},"fnMap":{"0":{"name":"(anonymous_3)","decl":{"start":{"line":16,"column":16},"end":{"line":16,"column":19}},"loc":{"start":{"line":16,"column":22},"end":{"line":16,"column":28}}},"1":{"name":"(anonymous_4)","decl":{"start":{"line":19,"column":15},"end":{"line":19,"column":18}},"loc":{"start":{"line":19,"column":21},"end":{"line":19,"column":27}}}},"branchMap":{},"s":{"0":2,"1":2,"2":2,"3":2,"4":2,"5":2,"6":0,"7":2,"8":0,"9":2,"10":2},"f":{"0":0,"1":0},"b":{}}
,"D:\\Users\\martin\\UdemyCourseFullStack\\cashTrackr\\backend\\src\\models\\User.ts": {"path":"D:\\Users\\martin\\UdemyCourseFullStack\\cashTrackr\\backend\\src\\models\\User.ts","statementMap":{"0":{"start":{"line":1,"column":0},"end":{"line":1,"column":107}},"1":{"start":{"line":2,"column":0},"end":{"line":2,"column":30}},"2":{"start":{"line":5,"column":0},"end":{"line":33,"column":null}},"3":{"start":{"line":9,"column":12},"end":{"line":9,"column":null}},"4":{"start":{"line":14,"column":12},"end":{"line":14,"column":null}},"5":{"start":{"line":19,"column":12},"end":{"line":19,"column":null}},"6":{"start":{"line":22,"column":12},"end":{"line":22,"column":null}},"7":{"start":{"line":26,"column":12},"end":{"line":26,"column":null}},"8":{"start":{"line":32,"column":12},"end":{"line":32,"column":null}},"9":{"start":{"line":28,"column":19},"end":{"line":28,"column":25}},"10":{"start":{"line":5,"column":6},"end":{"line":33,"column":null}},"11":{"start":{"line":35,"column":0},"end":{"line":35,"column":20}}},"fnMap":{"0":{"name":"(anonymous_3)","decl":{"start":{"line":28,"column":13},"end":{"line":28,"column":16}},"loc":{"start":{"line":28,"column":19},"end":{"line":28,"column":25}}}},"branchMap":{},"s":{"0":2,"1":2,"2":2,"3":2,"4":2,"5":2,"6":2,"7":2,"8":2,"9":0,"10":2,"11":2},"f":{"0":0},"b":{}}
,"D:\\Users\\martin\\UdemyCourseFullStack\\cashTrackr\\backend\\src\\tests\\mocks\\budgets.ts": {"path":"D:\\Users\\martin\\UdemyCourseFullStack\\cashTrackr\\backend\\src\\tests\\mocks\\budgets.ts","statementMap":{"0":{"start":{"line":1,"column":13},"end":{"line":71,"column":2}}},"fnMap":{},"branchMap":{},"s":{"0":3},"f":{},"b":{}}
,"D:\\Users\\martin\\UdemyCourseFullStack\\cashTrackr\\backend\\src\\tests\\mocks\\expenses.ts": {"path":"D:\\Users\\martin\\UdemyCourseFullStack\\cashTrackr\\backend\\src\\tests\\mocks\\expenses.ts","statementMap":{"0":{"start":{"line":1,"column":13},"end":{"line":26,"column":null}}},"fnMap":{},"branchMap":{},"s":{"0":2},"f":{},"b":{}}
,"D:\\Users\\martin\\UdemyCourseFullStack\\cashTrackr\\backend\\src\\utils\\auth.ts": {"path":"D:\\Users\\martin\\UdemyCourseFullStack\\cashTrackr\\backend\\src\\utils\\auth.ts","statementMap":{"0":{"start":{"line":1,"column":0},"end":{"line":1,"column":28}},"1":{"start":{"line":3,"column":28},"end":{"line":6,"column":1}},"2":{"start":{"line":4,"column":17},"end":{"line":4,"column":41}},"3":{"start":{"line":5,"column":4},"end":{"line":5,"column":45}},"4":{"start":{"line":3,"column":13},"end":{"line":3,"column":28}},"5":{"start":{"line":8,"column":30},"end":{"line":10,"column":1}},"6":{"start":{"line":9,"column":4},"end":{"line":9,"column":48}},"7":{"start":{"line":8,"column":13},"end":{"line":8,"column":30}}},"fnMap":{"0":{"name":"(anonymous_1)","decl":{"start":{"line":3,"column":28},"end":{"line":3,"column":33}},"loc":{"start":{"line":3,"column":55},"end":{"line":6,"column":1}}},"1":{"name":"(anonymous_2)","decl":{"start":{"line":8,"column":30},"end":{"line":8,"column":35}},"loc":{"start":{"line":8,"column":71},"end":{"line":10,"column":1}}}},"branchMap":{},"s":{"0":1,"1":1,"2":0,"3":0,"4":1,"5":1,"6":0,"7":1},"f":{"0":0,"1":0},"b":{}}
,"D:\\Users\\martin\\UdemyCourseFullStack\\cashTrackr\\backend\\src\\utils\\jwt.ts": {"path":"D:\\Users\\martin\\UdemyCourseFullStack\\cashTrackr\\backend\\src\\utils\\jwt.ts","statementMap":{"0":{"start":{"line":1,"column":0},"end":{"line":1,"column":31}},"1":{"start":{"line":3,"column":27},"end":{"line":5,"column":1}},"2":{"start":{"line":4,"column":4},"end":{"line":4,"column":74}},"3":{"start":{"line":3,"column":13},"end":{"line":3,"column":27}}},"fnMap":{"0":{"name":"(anonymous_1)","decl":{"start":{"line":3,"column":27},"end":{"line":3,"column":28}},"loc":{"start":{"line":3,"column":50},"end":{"line":5,"column":1}}}},"branchMap":{},"s":{"0":1,"1":1,"2":0,"3":1},"f":{"0":0},"b":{}}
,"D:\\Users\\martin\\UdemyCourseFullStack\\cashTrackr\\backend\\src\\utils\\token.ts": {"path":"D:\\Users\\martin\\UdemyCourseFullStack\\cashTrackr\\backend\\src\\utils\\token.ts","statementMap":{"0":{"start":{"line":3,"column":29},"end":{"line":3,"column":89}},"1":{"start":{"line":3,"column":35},"end":{"line":3,"column":89}},"2":{"start":{"line":3,"column":13},"end":{"line":3,"column":29}}},"fnMap":{"0":{"name":"(anonymous_0)","decl":{"start":{"line":3,"column":29},"end":{"line":3,"column":32}},"loc":{"start":{"line":3,"column":35},"end":{"line":3,"column":89}}}},"branchMap":{},"s":{"0":1,"1":0,"2":1},"f":{"0":0},"b":{}}
}
